<?xml version="1.0" encoding="utf-8"?><testsuites name="pytest tests"><testsuite name="pytest" errors="0" failures="0" skipped="1" tests="22" time="5.030" timestamp="2026-08-29T06:41:35.394874+00:00" hostname="agent-env-e46d33bc-a6bc-4081-8632-0a1798467ba1"><testcase classname="tests.backend_test" name="test_root" time="0.281" /><testcase classname="tests.backend_test" name="test_admin_login_success" time="0.049" /><testcase classname="tests.backend_test" name="test_admin_login_wrong" time="0.046" /><testcase classname="tests.backend_test" name="test_sales_login_success" time="0.045" /><testcase classname="tests.backend_test" name="test_sales_login_wrong_password" time="0.047" /><testcase classname="tests.backend_test" name="test_me_missing_token" time="0.041" /><testcase classname="tests.backend_test" name="test_me_invalid_token" time="0.042" /><testcase classname="tests.backend_test" name="test_sales_cannot_access_admin" time="0.085" /><testcase classname="tests.backend_test" name="test_admin_cannot_access_sales" time="0.085" /><testcase classname="tests.backend_test" name="test_me" time="0.082" /><testcase classname="tests.backend_test" name="test_stock_sales" time="0.052" /><testcase classname="tests.backend_test" name="test_stock_gudang" time="0.044" /><testcase classname="tests.backend_test" name="test_admin_config" time="0.045" /><testcase classname="tests.backend_test" name="test_admin_sync" time="2.765" /><testcase classname="tests.backend_test" name="test_transaction_sales_insufficient_stock" time="0.127" /><testcase classname="tests.backend_test" name="test_transaction_sales_success_and_stock_deduction" time="0.138" /><testcase classname="tests.backend_test" name="test_transaction_loading_insufficient" time="0.090" /><testcase classname="tests.backend_test" name="test_transaction_loading_success" time="0.261" /><testcase classname="tests.backend_test" name="test_transactions_history_sales" time="0.043" /><testcase classname="tests.backend_test" name="test_admin_transactions" time="0.044" /><testcase classname="tests.backend_test" name="test_transaction_sales_with_program_bonus" time="0.047"><skipped type="pytest.skip" message="Program berjalan item 370072 not available with sufficient stock for sales 277">/app/backend/tests/backend_test.py:264: Program berjalan item 370072 not available with sufficient stock for sales 277</skipped></testcase><testcase classname="tests.backend_test" name="test_admin_password_change_and_rollback" time="0.253" /></testsuite></testsuites>